TN:
SF:script/Deploy.s.sol
DA:7,1
FN:7,Deploy.run
FNDA:1,Deploy.run
DA:8,1
DA:9,1
DA:10,1
DA:11,1
FNF:1
FNH:1
LF:5
LH:5
BRF:0
BRH:0
end_of_record
TN:
SF:script/DeployBase.s.sol
DA:28,1
FN:28,DeployBaseScript._loadCommonConfig
FNDA:1,DeployBaseScript._loadCommonConfig
DA:29,1
DA:30,1
DA:31,1
DA:32,1
DA:35,1
FN:35,DeployBaseScript._deploy
FNDA:1,DeployBaseScript._deploy
DA:36,1
DA:37,1
BRDA:37,0,0,1
BRDA:37,0,1,-
DA:38,1
DA:40,0
DA:43,1
DA:44,1
DA:45,1
DA:47,1
DA:48,1
DA:56,1
DA:65,1
DA:66,1
DA:67,1
DA:68,1
DA:69,1
DA:70,1
DA:72,1
FNF:2
FNH:2
LF:23
LH:22
BRF:2
BRH:1
end_of_record
TN:
SF:script/Simulate.s.sol
DA:47,0
FN:47,Simulate.runVoting
FNDA:0,Simulate.runVoting
DA:48,0
DA:57,0
DA:60,0
FN:60,Simulate.runVotingWithParams
FNDA:0,Simulate.runVotingWithParams
DA:69,0
DA:78,0
DA:81,0
FN:81,Simulate.runSlotExhaustion
FNDA:0,Simulate.runSlotExhaustion
DA:82,0
DA:84,0
DA:86,0
DA:87,0
DA:88,0
DA:89,0
DA:91,0
DA:92,0
DA:93,0
DA:94,0
DA:96,0
DA:97,0
DA:101,0
DA:102,0
DA:103,0
DA:104,0
DA:107,0
DA:108,0
DA:110,0
DA:111,0
DA:112,0
BRDA:112,0,0,-
DA:113,0
DA:114,0
BRDA:114,0,1,-
DA:116,0
DA:119,0
DA:120,0
DA:121,0
DA:124,0
FN:124,Simulate._runVoting
FNDA:0,Simulate._runVoting
DA:125,0
BRDA:125,1,0,-
DA:126,0
BRDA:126,2,0,-
DA:127,0
BRDA:127,3,0,-
DA:128,0
BRDA:128,4,0,-
DA:129,0
BRDA:129,5,0,-
DA:130,0
BRDA:130,6,0,-
DA:132,0
DA:134,0
DA:135,0
DA:136,0
DA:138,0
DA:139,0
DA:140,0
DA:141,0
BRDA:141,7,0,-
DA:143,0
DA:146,0
DA:148,0
DA:149,0
DA:150,0
DA:153,0
FN:153,Simulate._setupVoting
FNDA:0,Simulate._setupVoting
DA:154,0
DA:155,0
DA:156,0
DA:158,0
DA:159,0
DA:161,0
DA:162,0
DA:163,0
DA:164,0
DA:167,0
DA:168,0
DA:169,0
DA:170,0
DA:171,0
DA:174,0
FN:174,Simulate._runVotingOnce
FNDA:0,Simulate._runVotingOnce
DA:178,0
DA:180,0
DA:181,0
DA:182,0
DA:184,0
DA:186,0
DA:188,0
DA:189,0
DA:192,0
FN:192,Simulate._createOpenBounty
FNDA:0,Simulate._createOpenBounty
DA:196,0
DA:197,0
DA:198,0
DA:201,0
FN:201,Simulate._joinParticipants
FNDA:0,Simulate._joinParticipants
DA:207,0
DA:208,0
DA:209,0
DA:210,0
DA:211,0
DA:212,0
DA:216,0
FN:216,Simulate._createClaimAndStartVote
FNDA:0,Simulate._createClaimAndStartVote
DA:220,0
DA:221,0
DA:222,0
DA:224,0
DA:225,0
DA:228,0
FN:228,Simulate._castVotes
FNDA:0,Simulate._castVotes
DA:232,0
DA:234,0
DA:235,0
DA:236,0
DA:237,0
DA:238,0
BRDA:238,8,0,-
BRDA:238,8,1,-
DA:239,0
DA:241,0
DA:242,0
DA:246,0
FN:246,Simulate._resolveAndCheck
FNDA:0,Simulate._resolveAndCheck
DA:254,0
DA:256,0
DA:257,0
DA:259,0
DA:260,0
DA:261,0
BRDA:261,9,0,-
DA:263,0
DA:264,0
DA:265,0
BRDA:265,10,0,-
BRDA:265,10,1,-
DA:266,0
DA:267,0
DA:269,0
BRDA:269,11,0,-
DA:270,0
BRDA:270,12,0,-
DA:271,0
BRDA:271,13,0,-
DA:272,0
BRDA:272,14,0,-
DA:274,0
BRDA:274,15,0,-
DA:275,0
BRDA:275,16,0,-
DA:276,0
BRDA:276,17,0,-
DA:277,0
BRDA:277,18,0,-
DA:280,0
DA:283,0
FN:283,Simulate._writeRunLine
FNDA:0,Simulate._writeRunLine
DA:289,0
DA:290,0
DA:291,0
DA:292,0
DA:293,0
DA:294,0
DA:295,0
DA:296,0
DA:297,0
DA:298,0
DA:301,0
FN:301,Simulate._writeVotingSummary
FNDA:0,Simulate._writeVotingSummary
DA:304,0
DA:306,0
DA:307,0
DA:308,0
DA:309,0
DA:310,0
DA:311,0
DA:312,0
DA:313,0
DA:314,0
DA:315,0
DA:316,0
DA:317,0
DA:318,0
DA:319,0
DA:320,0
DA:321,0
DA:324,0
FN:324,Simulate._deploy
FNDA:0,Simulate._deploy
DA:325,0
DA:326,0
DA:327,0
DA:329,0
DA:330,0
DA:332,0
DA:333,0
DA:334,0
DA:335,0
DA:338,0
FN:338,Simulate._rand
FNDA:0,Simulate._rand
DA:343,0
DA:346,0
FN:346,Simulate._boundRange
FNDA:0,Simulate._boundRange
DA:347,0
BRDA:347,19,0,-
DA:348,0
FNF:16
FNH:0
LF:170
LH:0
BRF:23
BRH:0
end_of_record
TN:
SF:script/deploy/Arbitrum.s.sol
DA:7,0
FN:7,DeployArbitrum.run
FNDA:0,DeployArbitrum.run
DA:8,0
DA:9,0
DA:10,0
DA:11,0
FNF:1
FNH:0
LF:5
LH:0
BRF:0
BRH:0
end_of_record
TN:
SF:script/deploy/Base.s.sol
DA:7,0
FN:7,DeployBase.run
FNDA:0,DeployBase.run
DA:8,0
DA:9,0
DA:10,0
DA:11,0
FNF:1
FNH:0
LF:5
LH:0
BRF:0
BRH:0
end_of_record
TN:
SF:script/deploy/BaseSepolia.s.sol
DA:7,0
FN:7,DeployBaseSepolia.run
FNDA:0,DeployBaseSepolia.run
DA:8,0
DA:9,0
DA:10,0
DA:11,0
FNF:1
FNH:0
LF:5
LH:0
BRF:0
BRH:0
end_of_record
TN:
SF:script/deploy/Degenchain.s.sol
DA:7,0
FN:7,DeployDegenchain.run
FNDA:0,DeployDegenchain.run
DA:8,0
DA:9,0
DA:10,0
DA:11,0
FNF:1
FNH:0
LF:5
LH:0
BRF:0
BRH:0
end_of_record
TN:
SF:src/PoidhClaimNFT.sol
DA:28,114
FN:28,PoidhClaimNFT.constructor
FNDA:114,PoidhClaimNFT.constructor
DA:29,114
BRDA:29,0,0,1
DA:30,113
DA:34,121
FN:34,PoidhClaimNFT.mintToEscrow
FNDA:121,PoidhClaimNFT.mintToEscrow
DA:35,121
DA:36,120
DA:37,120
DA:40,121
FN:40,PoidhClaimNFT._revertIfNotPoidh
FNDA:121,PoidhClaimNFT._revertIfNotPoidh
DA:41,121
BRDA:41,1,0,1
FNF:3
FNH:3
LF:9
LH:9
BRF:2
BRH:2
end_of_record
TN:
SF:src/PoidhV3.sol
DA:225,30
FN:225,PoidhV3._requireBountyExists
FNDA:30,PoidhV3._requireBountyExists
DA:226,30
BRDA:226,0,0,3
DA:229,2
FN:229,PoidhV3._requireBountyNotFinalized
FNDA:2,PoidhV3._requireBountyNotFinalized
DA:230,2
DA:231,2
BRDA:231,1,0,-
DA:232,2
BRDA:232,2,0,-
DA:236,693
FN:236,PoidhV3._requireActiveBounty
FNDA:693,PoidhV3._requireActiveBounty
DA:237,693
BRDA:237,3,0,5
DA:238,688
BRDA:238,4,0,5
DA:240,683
DA:241,683
BRDA:241,5,0,1
DA:242,682
BRDA:242,6,0,2
DA:245,529
FN:245,PoidhV3._requireOpenBounty
FNDA:529,PoidhV3._requireOpenBounty
DA:246,529
BRDA:246,7,0,1
DA:250,19
FN:250,PoidhV3._requireVoteActive
FNDA:19,PoidhV3._requireVoteActive
DA:251,19
DA:252,19
BRDA:252,8,0,-
DA:253,19
DA:254,19
BRDA:254,9,0,1
DA:265,110
FN:265,PoidhV3.constructor
FNDA:110,PoidhV3.constructor
DA:272,110
BRDA:272,10,0,1
DA:273,109
BRDA:273,11,0,-
DA:274,109
BRDA:274,12,0,1
DA:275,108
BRDA:275,13,0,1
DA:276,107
BRDA:276,14,0,1
DA:278,106
DA:279,106
DA:280,106
DA:281,106
DA:284,106
DA:285,106
DA:286,106
DA:306,14
FN:306,PoidhV3.withdraw
FNDA:14,PoidhV3.withdraw
DA:307,12
DA:308,12
BRDA:308,15,0,1
DA:310,11
DA:311,11
DA:312,11
BRDA:312,16,0,2
DA:314,9
DA:320,4
FN:320,PoidhV3.withdrawTo
FNDA:4,PoidhV3.withdrawTo
DA:321,4
BRDA:321,17,0,1
DA:323,3
DA:324,3
BRDA:324,18,0,1
DA:326,2
DA:327,2
DA:328,2
BRDA:328,19,0,-
DA:330,2
DA:331,2
DA:339,76
FN:339,PoidhV3.createSoloBounty
FNDA:76,PoidhV3.createSoloBounty
DA:344,76
BRDA:344,20,0,3
DA:345,73
BRDA:345,21,0,2
DA:346,71
BRDA:346,22,0,2
DA:347,69
DA:352,55
FN:352,PoidhV3.createOpenBounty
FNDA:55,PoidhV3.createOpenBounty
DA:357,55
BRDA:357,23,0,1
DA:358,54
BRDA:358,24,0,-
DA:359,54
BRDA:359,25,0,-
DA:361,54
DA:364,54
DA:365,54
DA:366,54
DA:370,123
FN:370,PoidhV3._createBounty
FNDA:123,PoidhV3._createBounty
DA:374,123
DA:375,123
DA:388,123
DA:389,123
DA:391,123
DA:399,495
FN:399,PoidhV3.joinOpenBounty
FNDA:495,PoidhV3.joinOpenBounty
DA:400,495
DA:401,492
DA:403,491
BRDA:403,26,0,2
DA:404,489
BRDA:404,27,0,1
DA:406,488
DA:407,488
BRDA:407,28,0,1
DA:409,487
DA:411,487
BRDA:411,29,0,486
BRDA:411,29,1,1
DA:413,486
DA:415,486
DA:416,486
BRDA:416,30,0,1
BRDA:416,30,1,482
DA:417,1
DA:418,1
DA:421,1
DA:422,1
DA:424,485
DA:425,485
BRDA:425,31,0,3
DA:427,482
DA:428,482
DA:429,482
DA:432,483
DA:435,1
DA:436,1
BRDA:436,32,0,-
DA:437,1
DA:440,484
DA:441,484
DA:443,484
DA:448,10
FN:448,PoidhV3.withdrawFromOpenBounty
FNDA:10,PoidhV3.withdrawFromOpenBounty
DA:449,10
DA:450,8
DA:452,8
DA:453,8
BRDA:453,33,0,2
DA:455,6
DA:456,6
BRDA:456,34,0,1
DA:457,5
DA:459,5
BRDA:459,35,0,-
DA:460,5
DA:461,5
BRDA:461,36,0,-
DA:464,5
DA:465,5
DA:466,5
DA:469,5
BRDA:469,37,0,5
DA:472,5
DA:478,5
DA:480,5
DA:487,7
FN:487,PoidhV3.cancelSoloBounty
FNDA:7,PoidhV3.cancelSoloBounty
DA:488,7
DA:489,6
BRDA:489,38,0,1
DA:491,5
DA:492,5
BRDA:492,39,0,1
DA:494,4
DA:497,4
DA:498,4
DA:500,4
DA:502,4
DA:506,5
FN:506,PoidhV3.cancelOpenBounty
FNDA:5,PoidhV3.cancelOpenBounty
DA:507,5
DA:508,4
DA:510,4
DA:511,4
BRDA:511,40,0,-
DA:514,4
DA:517,4
DA:518,4
BRDA:518,41,0,4
DA:519,4
DA:520,4
DA:521,4
DA:522,4
DA:525,4
DA:529,7
FN:529,PoidhV3.claimRefundFromCancelledOpenBounty
FNDA:7,PoidhV3.claimRefundFromCancelledOpenBounty
DA:530,7
DA:532,6
DA:533,6
BRDA:533,42,0,-
DA:534,6
BRDA:534,43,0,2
DA:536,4
DA:537,4
BRDA:537,44,0,-
DA:538,4
DA:540,4
BRDA:540,45,0,-
DA:541,4
DA:542,4
BRDA:542,46,0,-
DA:544,4
DA:545,4
DA:546,4
DA:549,4
BRDA:549,47,0,4
DA:550,4
DA:552,4
DA:554,4
DA:562,126
FN:562,PoidhV3.createClaim
FNDA:126,PoidhV3.createClaim
DA:568,126
DA:570,121
DA:571,121
BRDA:571,48,0,2
DA:573,119
DA:575,119
DA:589,119
DA:591,119
DA:592,119
DA:594,119
DA:596,119
DA:607,25
FN:607,PoidhV3.submitClaimForVote
FNDA:25,PoidhV3.submitClaimForVote
DA:608,25
DA:609,25
DA:611,25
BRDA:611,49,0,-
DA:613,25
DA:614,25
BRDA:614,50,0,-
DA:616,25
DA:617,25
BRDA:617,51,0,1
DA:618,24
BRDA:618,52,0,1
DA:619,1
BRDA:619,53,0,1
DA:622,22
DA:623,22
DA:626,22
DA:627,22
DA:629,22
DA:630,45
DA:631,45
DA:632,45
BRDA:632,54,0,43
DA:633,43
DA:634,43
DA:638,22
DA:639,22
BRDA:639,55,0,-
DA:641,22
DA:642,22
DA:643,22
DA:646,22
DA:648,22
DA:649,22
DA:650,22
DA:655,20
FN:655,PoidhV3.voteClaim
FNDA:20,PoidhV3.voteClaim
DA:656,20
DA:657,19
DA:659,18
BRDA:659,56,0,-
DA:661,18
DA:662,18
BRDA:662,57,0,3
DA:665,15
BRDA:665,58,0,1
DA:667,14
DA:668,14
BRDA:668,59,0,-
DA:671,14
DA:673,14
DA:674,8
BRDA:674,60,0,8
BRDA:674,60,1,6
DA:675,6
DA:677,14
DA:678,14
DA:684,10
FN:684,PoidhV3.resolveVote
FNDA:10,PoidhV3.resolveVote
DA:685,10
BRDA:685,61,0,-
DA:687,10
DA:688,10
BRDA:688,62,0,-
DA:690,10
DA:691,10
BRDA:691,63,0,2
DA:693,8
DA:695,7
BRDA:695,64,0,7
BRDA:695,64,1,1
DA:696,7
DA:698,1
DA:701,1
DA:702,1
DA:707,3
FN:707,PoidhV3.resetVotingPeriod
FNDA:3,PoidhV3.resetVotingPeriod
DA:708,3
DA:709,2
DA:711,2
BRDA:711,65,0,-
DA:713,2
DA:714,2
BRDA:714,66,0,-
DA:716,2
DA:717,2
BRDA:717,67,0,-
DA:719,2
DA:720,1
BRDA:720,68,0,1
DA:722,1
DA:725,1
DA:726,1
DA:735,25
FN:735,PoidhV3.acceptClaim
FNDA:25,PoidhV3.acceptClaim
DA:736,25
DA:738,24
BRDA:738,69,0,1
DA:740,23
DA:743,23
BRDA:743,70,0,19
DA:744,19
BRDA:744,71,0,1
DA:745,18
DA:746,17
DA:750,3
BRDA:750,72,0,3
DA:751,1
BRDA:751,73,0,-
DA:753,1
DA:758,26
FN:758,PoidhV3._acceptClaim
FNDA:26,PoidhV3._acceptClaim
DA:759,26
DA:760,26
DA:762,26
BRDA:762,74,0,-
DA:763,26
BRDA:763,75,0,-
DA:764,1
BRDA:764,76,0,1
DA:765,25
BRDA:765,77,0,-
DA:767,25
DA:768,25
DA:770,25
DA:771,25
DA:774,25
DA:775,25
DA:776,25
DA:778,25
DA:781,25
DA:782,25
DA:785,25
DA:789,25
DA:790,25
DA:792,25
DA:795,25
DA:797,25
BRDA:797,78,0,7
DA:798,7
DA:805,3
FN:805,PoidhV3.getBountiesLength
FNDA:3,PoidhV3.getBountiesLength
DA:806,3
DA:809,2
FN:809,PoidhV3.getBounties
FNDA:2,PoidhV3.getBounties
DA:810,2
DA:811,2
DA:812,2
DA:813,13
DA:814,13
DA:816,2
DA:819,2
FN:819,PoidhV3.getClaimsByBountyId
FNDA:2,PoidhV3.getClaimsByBountyId
DA:824,2
DA:825,2
DA:826,2
DA:827,2
DA:828,13
DA:829,13
DA:831,2
DA:834,2
FN:834,PoidhV3.getBountiesByUser
FNDA:2,PoidhV3.getBountiesByUser
DA:835,2
DA:836,2
DA:837,2
DA:838,2
DA:839,13
DA:840,13
DA:842,2
DA:845,2
FN:845,PoidhV3.getClaimsByUser
FNDA:2,PoidhV3.getClaimsByUser
DA:846,2
DA:847,2
DA:848,2
DA:849,2
DA:850,13
DA:851,13
DA:853,2
DA:856,4
FN:856,PoidhV3.getParticipants
FNDA:4,PoidhV3.getParticipants
DA:861,4
DA:864,2
FN:864,PoidhV3.getParticipantsPaged
FNDA:2,PoidhV3.getParticipantsPaged
DA:869,2
DA:870,2
DA:872,2
BRDA:872,79,0,1
DA:874,1
DA:875,1
BRDA:875,80,0,1
DA:877,1
DA:878,1
DA:879,1
DA:881,1
DA:882,3
DA:883,3
DA:888,1
FN:888,PoidhV3.receive
FNDA:1,PoidhV3.receive
DA:889,1
FNF:31
FNH:31
LF:318
LH:318
BRF:85
BRH:56
end_of_record
